2023-10-13T11:24:04.792+03:00  INFO 18404 --- [main] r.d.DiplomaTransferMoneyApplicationTests : Starting DiplomaTransferMoneyApplicationTests using Java 17.0.8 with PID 18404 (started by nea26 in C:\Users\nea26\IdeaProjects\diplomaTransferMoney)
2023-10-13T11:24:04.805+03:00  INFO 18404 --- [main] r.d.DiplomaTransferMoneyApplicationTests : No active profile set, falling back to 1 default profile: "default"
2023-10-13T11:24:07.227+03:00  INFO 18404 --- [main] o.s.b.w.embedded.tomcat.TomcatWebServer  : Tomcat initialized with port(s): 0 (http)
2023-10-13T11:24:07.252+03:00  INFO 18404 --- [main] o.apache.catalina.core.StandardService   : Starting service [Tomcat]
2023-10-13T11:24:07.253+03:00  INFO 18404 --- [main] o.apache.catalina.core.StandardEngine    : Starting Servlet engine: [Apache Tomcat/10.1.12]
2023-10-13T11:24:07.496+03:00  INFO 18404 --- [main] o.a.c.c.C.[Tomcat].[localhost].[/]       : Initializing Spring embedded WebApplicationContext
2023-10-13T11:24:07.497+03:00  INFO 18404 --- [main] w.s.c.ServletWebServerApplicationContext : Root WebApplicationContext: initialization completed in 2597 ms
2023-10-13T11:24:08.388+03:00  INFO 18404 --- [main] o.s.b.w.embedded.tomcat.TomcatWebServer  : Tomcat started on port(s): 57726 (http) with context path ''
2023-10-13T11:24:08.406+03:00  INFO 18404 --- [main] r.d.DiplomaTransferMoneyApplicationTests : Started DiplomaTransferMoneyApplicationTests in 4.326 seconds (process running for 21.934)
2023-10-13T11:24:11.767+03:00  INFO 18404 --- [main] t.c.s.AnnotationConfigContextLoaderUtils : Could not detect default configuration classes for test class [ru.diplomatransfermoney.repository.TransferMoneyRepositoryTest]: TransferMoneyRepositoryTest does not declare any static, non-private, non-final, nested classes annotated with @Configuration.
2023-10-13T11:24:11.870+03:00  INFO 18404 --- [main] .b.t.c.SpringBootTestContextBootstrapper : Found @SpringBootConfiguration ru.diplomatransfermoney.TransferMoneyServiceApplication for test class ru.diplomatransfermoney.repository.TransferMoneyRepositoryTest
2023-10-13T11:24:11.992+03:00  INFO 18404 --- [main] r.d.r.TransferMoneyRepositoryTest        : Starting TransferMoneyRepositoryTest using Java 17.0.8 with PID 18404 (started by nea26 in C:\Users\nea26\IdeaProjects\diplomaTransferMoney)
2023-10-13T11:24:11.993+03:00  INFO 18404 --- [main] r.d.r.TransferMoneyRepositoryTest        : The following 1 profile is active: "test"
2023-10-13T11:24:12.573+03:00  INFO 18404 --- [main] r.d.r.TransferMoneyRepositoryTest        : Started TransferMoneyRepositoryTest in 0.679 seconds (process running for 26.101)
2023-10-13T11:25:58.398+03:00  INFO 4544 --- [main] r.d.service.TransferMoneyServiceTest     : Starting TransferMoneyServiceTest using Java 17.0.8 with PID 4544 (started by nea26 in C:\Users\nea26\IdeaProjects\diplomaTransferMoney)
2023-10-13T11:25:58.401+03:00  INFO 4544 --- [main] r.d.service.TransferMoneyServiceTest     : No active profile set, falling back to 1 default profile: "default"
2023-10-13T11:26:01.554+03:00  INFO 4544 --- [main] r.d.service.TransferMoneyServiceTest     : Started TransferMoneyServiceTest in 4.0 seconds (process running for 6.876)
2023-10-13T11:26:04.112+03:00 ERROR 4544 --- [main] r.d.service.TransferMoneyService         : the card numbers match
2023-10-13T11:28:06.728+03:00  INFO 23328 --- [main] r.d.service.TransferMoneyServiceTest     : Starting TransferMoneyServiceTest using Java 17.0.8 with PID 23328 (started by nea26 in C:\Users\nea26\IdeaProjects\diplomaTransferMoney)
2023-10-13T11:28:06.731+03:00  INFO 23328 --- [main] r.d.service.TransferMoneyServiceTest     : No active profile set, falling back to 1 default profile: "default"
2023-10-13T11:28:11.925+03:00  INFO 23328 --- [main] r.d.service.TransferMoneyServiceTest     : Started TransferMoneyServiceTest in 6.19 seconds (process running for 10.727)
2023-10-13T11:32:34.524+03:00 ERROR 23328 --- [main] r.d.service.TransferMoneyService         : the card numbers match
2023-10-13T11:43:17.287+03:00  INFO 16828 --- [main] r.d.service.TransferMoneyServiceTest     : Starting TransferMoneyServiceTest using Java 17.0.8 with PID 16828 (started by nea26 in C:\Users\nea26\IdeaProjects\diplomaTransferMoney)
2023-10-13T11:43:17.292+03:00  INFO 16828 --- [main] r.d.service.TransferMoneyServiceTest     : No active profile set, falling back to 1 default profile: "default"
2023-10-13T11:43:20.642+03:00  INFO 16828 --- [main] r.d.service.TransferMoneyServiceTest     : Started TransferMoneyServiceTest in 4.267 seconds (process running for 6.986)
2023-10-13T11:43:23.619+03:00 ERROR 16828 --- [main] r.d.service.TransferMoneyService         : the card numbers match
2023-10-13T11:43:43.004+03:00  INFO 1208 --- [main] r.d.service.TransferMoneyServiceTest     : Starting TransferMoneyServiceTest using Java 17.0.8 with PID 1208 (started by nea26 in C:\Users\nea26\IdeaProjects\diplomaTransferMoney)
2023-10-13T11:43:43.009+03:00  INFO 1208 --- [main] r.d.service.TransferMoneyServiceTest     : No active profile set, falling back to 1 default profile: "default"
2023-10-13T11:43:46.887+03:00  INFO 1208 --- [main] r.d.service.TransferMoneyServiceTest     : Started TransferMoneyServiceTest in 4.949 seconds (process running for 8.365)
2023-10-13T11:58:10.818+03:00  INFO 20060 --- [main] r.d.service.TransferMoneyServiceTest     : Starting TransferMoneyServiceTest using Java 17.0.8 with PID 20060 (started by nea26 in C:\Users\nea26\IdeaProjects\diplomaTransferMoney)
2023-10-13T11:58:10.822+03:00  INFO 20060 --- [main] r.d.service.TransferMoneyServiceTest     : No active profile set, falling back to 1 default profile: "default"
2023-10-13T11:58:14.471+03:00  INFO 20060 --- [main] r.d.service.TransferMoneyServiceTest     : Started TransferMoneyServiceTest in 4.872 seconds (process running for 7.552)
2023-10-13T11:59:02.691+03:00  INFO 15172 --- [main] r.d.service.TransferMoneyServiceTest     : Starting TransferMoneyServiceTest using Java 17.0.8 with PID 15172 (started by nea26 in C:\Users\nea26\IdeaProjects\diplomaTransferMoney)
2023-10-13T11:59:02.695+03:00  INFO 15172 --- [main] r.d.service.TransferMoneyServiceTest     : No active profile set, falling back to 1 default profile: "default"
2023-10-13T11:59:05.951+03:00  INFO 15172 --- [main] r.d.service.TransferMoneyServiceTest     : Started TransferMoneyServiceTest in 3.993 seconds (process running for 6.449)
2023-10-13T12:02:13.709+03:00  INFO 7348 --- [main] r.d.service.TransferMoneyServiceTest     : Starting TransferMoneyServiceTest using Java 17.0.8 with PID 7348 (started by nea26 in C:\Users\nea26\IdeaProjects\diplomaTransferMoney)
2023-10-13T12:02:13.713+03:00  INFO 7348 --- [main] r.d.service.TransferMoneyServiceTest     : No active profile set, falling back to 1 default profile: "default"
2023-10-13T12:02:16.817+03:00  INFO 7348 --- [main] r.d.service.TransferMoneyServiceTest     : Started TransferMoneyServiceTest in 3.876 seconds (process running for 6.548)
2023-10-13T12:02:19.439+03:00 ERROR 7348 --- [main] r.d.service.TransferMoneyService         : the card numbers match
2023-10-13T12:02:45.705+03:00  INFO 21356 --- [main] r.d.service.TransferMoneyServiceTest     : Starting TransferMoneyServiceTest using Java 17.0.8 with PID 21356 (started by nea26 in C:\Users\nea26\IdeaProjects\diplomaTransferMoney)
2023-10-13T12:02:45.713+03:00  INFO 21356 --- [main] r.d.service.TransferMoneyServiceTest     : No active profile set, falling back to 1 default profile: "default"
2023-10-13T12:02:50.815+03:00  INFO 21356 --- [main] r.d.service.TransferMoneyServiceTest     : Started TransferMoneyServiceTest in 6.094 seconds (process running for 10.54)
2023-10-13T12:08:11.709+03:00 ERROR 21356 --- [main] r.d.service.TransferMoneyService         : the card numbers match
2023-10-13T12:08:21.262+03:00  INFO 24400 --- [main] r.d.service.TransferMoneyServiceTest     : Starting TransferMoneyServiceTest using Java 17.0.8 with PID 24400 (started by nea26 in C:\Users\nea26\IdeaProjects\diplomaTransferMoney)
2023-10-13T12:08:21.266+03:00  INFO 24400 --- [main] r.d.service.TransferMoneyServiceTest     : No active profile set, falling back to 1 default profile: "default"
2023-10-13T12:08:24.206+03:00  INFO 24400 --- [main] r.d.service.TransferMoneyServiceTest     : Started TransferMoneyServiceTest in 3.775 seconds (process running for 6.281)
2023-10-13T12:08:26.764+03:00 ERROR 24400 --- [main] r.d.service.TransferMoneyService         : the card numbers match
2023-10-13T12:10:54.053+03:00  INFO 20400 --- [main] r.d.service.TransferMoneyServiceTest     : Starting TransferMoneyServiceTest using Java 17.0.8 with PID 20400 (started by nea26 in C:\Users\nea26\IdeaProjects\diplomaTransferMoney)
2023-10-13T12:10:54.056+03:00  INFO 20400 --- [main] r.d.service.TransferMoneyServiceTest     : No active profile set, falling back to 1 default profile: "default"
2023-10-13T12:10:57.123+03:00  INFO 20400 --- [main] r.d.service.TransferMoneyServiceTest     : Started TransferMoneyServiceTest in 3.81 seconds (process running for 6.717)
2023-10-13T12:19:24.453+03:00  INFO 13972 --- [main] r.d.service.TransferMoneyServiceTest     : Starting TransferMoneyServiceTest using Java 17.0.8 with PID 13972 (started by nea26 in C:\Users\nea26\IdeaProjects\diplomaTransferMoney)
2023-10-13T12:19:24.457+03:00  INFO 13972 --- [main] r.d.service.TransferMoneyServiceTest     : No active profile set, falling back to 1 default profile: "default"
2023-10-13T12:19:27.728+03:00  INFO 13972 --- [main] r.d.service.TransferMoneyServiceTest     : Started TransferMoneyServiceTest in 4.039 seconds (process running for 6.534)
2023-10-13T12:50:58.675+03:00  INFO 9580 --- [main] r.d.service.TransferMoneyServiceTest     : Starting TransferMoneyServiceTest using Java 17.0.8 with PID 9580 (started by nea26 in C:\Users\nea26\IdeaProjects\diplomaTransferMoney)
2023-10-13T12:50:58.679+03:00  INFO 9580 --- [main] r.d.service.TransferMoneyServiceTest     : No active profile set, falling back to 1 default profile: "default"
2023-10-13T12:51:01.828+03:00  INFO 9580 --- [main] r.d.service.TransferMoneyServiceTest     : Started TransferMoneyServiceTest in 4.009 seconds (process running for 7.126)
2023-10-13T12:51:04.526+03:00 ERROR 9580 --- [main] r.d.service.TransferMoneyService         : the card numbers match
2023-10-13T12:59:58.719+03:00  INFO 23464 --- [main] r.d.service.TransferMoneyServiceTest     : Starting TransferMoneyServiceTest using Java 17.0.8 with PID 23464 (started by nea26 in C:\Users\nea26\IdeaProjects\diplomaTransferMoney)
2023-10-13T12:59:58.723+03:00  INFO 23464 --- [main] r.d.service.TransferMoneyServiceTest     : No active profile set, falling back to 1 default profile: "default"
2023-10-13T13:00:01.684+03:00  INFO 23464 --- [main] r.d.service.TransferMoneyServiceTest     : Started TransferMoneyServiceTest in 3.719 seconds (process running for 6.127)
2023-10-13T13:00:03.913+03:00 ERROR 23464 --- [main] r.d.service.TransferMoneyService         : the card numbers match
2023-10-13T13:04:41.631+03:00  INFO 3480 --- [main] r.d.service.TransferMoneyServiceTest     : Starting TransferMoneyServiceTest using Java 17.0.8 with PID 3480 (started by nea26 in C:\Users\nea26\IdeaProjects\diplomaTransferMoney)
2023-10-13T13:04:41.637+03:00  INFO 3480 --- [main] r.d.service.TransferMoneyServiceTest     : No active profile set, falling back to 1 default profile: "default"
2023-10-13T13:04:44.992+03:00  INFO 3480 --- [main] r.d.service.TransferMoneyServiceTest     : Started TransferMoneyServiceTest in 4.254 seconds (process running for 7.243)
2023-10-13T13:04:48.081+03:00 ERROR 3480 --- [main] r.d.service.TransferMoneyService         : incorrect card data entered: valid till
2023-10-13T13:11:34.000+03:00  INFO 18224 --- [main] r.d.service.TransferMoneyServiceTest     : Starting TransferMoneyServiceTest using Java 17.0.8 with PID 18224 (started by nea26 in C:\Users\nea26\IdeaProjects\diplomaTransferMoney)
2023-10-13T13:11:34.005+03:00  INFO 18224 --- [main] r.d.service.TransferMoneyServiceTest     : No active profile set, falling back to 1 default profile: "default"
2023-10-13T13:11:37.942+03:00  INFO 18224 --- [main] r.d.service.TransferMoneyServiceTest     : Started TransferMoneyServiceTest in 4.845 seconds (process running for 7.729)
2023-10-13T13:17:09.103+03:00  INFO 22380 --- [main] r.d.service.TransferMoneyServiceTest     : Starting TransferMoneyServiceTest using Java 17.0.8 with PID 22380 (started by nea26 in C:\Users\nea26\IdeaProjects\diplomaTransferMoney)
2023-10-13T13:17:09.107+03:00  INFO 22380 --- [main] r.d.service.TransferMoneyServiceTest     : No active profile set, falling back to 1 default profile: "default"
2023-10-13T13:17:11.980+03:00  INFO 22380 --- [main] r.d.service.TransferMoneyServiceTest     : Started TransferMoneyServiceTest in 3.688 seconds (process running for 5.976)
2023-10-13T13:18:42.663+03:00  INFO 6936 --- [main] r.d.service.TransferMoneyServiceTest     : Starting TransferMoneyServiceTest using Java 17.0.8 with PID 6936 (started by nea26 in C:\Users\nea26\IdeaProjects\diplomaTransferMoney)
2023-10-13T13:18:42.667+03:00  INFO 6936 --- [main] r.d.service.TransferMoneyServiceTest     : No active profile set, falling back to 1 default profile: "default"
2023-10-13T13:18:46.116+03:00  INFO 6936 --- [main] r.d.service.TransferMoneyServiceTest     : Started TransferMoneyServiceTest in 4.335 seconds (process running for 7.047)
2023-10-13T13:31:54.540+03:00  INFO 16624 --- [main] r.d.service.TransferMoneyServiceTest     : Starting TransferMoneyServiceTest using Java 17.0.8 with PID 16624 (started by nea26 in C:\Users\nea26\IdeaProjects\diplomaTransferMoney)
2023-10-13T13:31:54.544+03:00  INFO 16624 --- [main] r.d.service.TransferMoneyServiceTest     : No active profile set, falling back to 1 default profile: "default"
2023-10-13T13:31:57.598+03:00  INFO 16624 --- [main] r.d.service.TransferMoneyServiceTest     : Started TransferMoneyServiceTest in 4.093 seconds (process running for 7.119)
2023-10-13T13:36:50.799+03:00  INFO 17632 --- [main] r.d.service.TransferMoneyServiceTest     : Starting TransferMoneyServiceTest using Java 17.0.8 with PID 17632 (started by nea26 in C:\Users\nea26\IdeaProjects\diplomaTransferMoney)
2023-10-13T13:36:50.804+03:00  INFO 17632 --- [main] r.d.service.TransferMoneyServiceTest     : No active profile set, falling back to 1 default profile: "default"
2023-10-13T13:36:53.918+03:00  INFO 17632 --- [main] r.d.service.TransferMoneyServiceTest     : Started TransferMoneyServiceTest in 3.9 seconds (process running for 6.867)
2023-10-13T13:36:56.149+03:00 ERROR 17632 --- [main] o.s.test.context.TestContextManager      : Caught exception while allowing TestExecutionListener [org.springframework.boot.test.mock.mockito.MockitoTestExecutionListener] to prepare test instance [ru.diplomatransfermoney.service.TransferMoneyServiceTest@46bb0bdf]

org.mockito.exceptions.base.MockitoException: Unable to initialize @Spy annotated field 'transferService'.
Please ensure that the type 'TransferMoneyService' has a no-arg constructor.
	at org.springframework.boot.test.mock.mockito.MockitoTestExecutionListener.initMocks(MockitoTestExecutionListener.java:83) ~[spring-boot-test-3.1.3.jar:3.1.3]
	at org.springframework.boot.test.mock.mockito.MockitoTestExecutionListener.prepareTestInstance(MockitoTestExecutionListener.java:60) ~[spring-boot-test-3.1.3.jar:3.1.3]
	at org.springframework.test.context.TestContextManager.prepareTestInstance(TestContextManager.java:241) ~[spring-test-6.0.11.jar:6.0.11]
	at org.springframework.test.context.junit.jupiter.SpringExtension.postProcessTestInstance(SpringExtension.java:138) ~[spring-test-6.0.11.jar:6.0.11]
	at org.junit.jupiter.engine.descriptor.ClassBasedTestDescriptor.lambda$invokeTestInstancePostProcessors$10(ClassBasedTestDescriptor.java:377) ~[junit-jupiter-engine-5.9.3.jar:5.9.3]
	at org.junit.jupiter.engine.descriptor.ClassBasedTestDescriptor.executeAndMaskThrowable(ClassBasedTestDescriptor.java:382) ~[junit-jupiter-engine-5.9.3.jar:5.9.3]
	at org.junit.jupiter.engine.descriptor.ClassBasedTestDescriptor.lambda$invokeTestInstancePostProcessors$11(ClassBasedTestDescriptor.java:377) ~[junit-jupiter-engine-5.9.3.jar:5.9.3]
	at java.base/java.util.stream.ReferencePipeline$3$1.accept(ReferencePipeline.java:197) ~[na:na]
	at java.base/java.util.stream.ReferencePipeline$2$1.accept(ReferencePipeline.java:179) ~[na:na]
	at java.base/java.util.ArrayList$ArrayListSpliterator.forEachRemaining(ArrayList.java:1625) ~[na:na]
	at java.base/java.util.stream.AbstractPipeline.copyInto(AbstractPipeline.java:509) ~[na:na]
	at java.base/java.util.stream.AbstractPipeline.wrapAndCopyInto(AbstractPipeline.java:499) ~[na:na]
	at java.base/java.util.stream.StreamSpliterators$WrappingSpliterator.forEachRemaining(StreamSpliterators.java:310) ~[na:na]
	at java.base/java.util.stream.Streams$ConcatSpliterator.forEachRemaining(Streams.java:735) ~[na:na]
	at java.base/java.util.stream.Streams$ConcatSpliterator.forEachRemaining(Streams.java:734) ~[na:na]
	at java.base/java.util.stream.ReferencePipeline$Head.forEach(ReferencePipeline.java:762) ~[na:na]
	at org.junit.jupiter.engine.descriptor.ClassBasedTestDescriptor.invokeTestInstancePostProcessors(ClassBasedTestDescriptor.java:376) ~[junit-jupiter-engine-5.9.3.jar:5.9.3]
	at org.junit.jupiter.engine.descriptor.ClassBasedTestDescriptor.lambda$instantiateAndPostProcessTestInstance$6(ClassBasedTestDescriptor.java:289) ~[junit-jupiter-engine-5.9.3.jar:5.9.3]
	at org.junit.platform.engine.support.hierarchical.ThrowableCollector.execute(ThrowableCollector.java:73) ~[junit-platform-engine-1.9.3.jar:1.9.3]
	at org.junit.jupiter.engine.descriptor.ClassBasedTestDescriptor.instantiateAndPostProcessTestInstance(ClassBasedTestDescriptor.java:288) ~[junit-jupiter-engine-5.9.3.jar:5.9.3]
	at org.junit.jupiter.engine.descriptor.ClassBasedTestDescriptor.lambda$testInstancesProvider$4(ClassBasedTestDescriptor.java:278) ~[junit-jupiter-engine-5.9.3.jar:5.9.3]
	at java.base/java.util.Optional.orElseGet(Optional.java:364) ~[na:na]
	at org.junit.jupiter.engine.descriptor.ClassBasedTestDescriptor.lambda$testInstancesProvider$5(ClassBasedTestDescriptor.java:277) ~[junit-jupiter-engine-5.9.3.jar:5.9.3]
	at org.junit.jupiter.engine.execution.TestInstancesProvider.getTestInstances(TestInstancesProvider.java:31) ~[junit-jupiter-engine-5.9.3.jar:5.9.3]
	at org.junit.jupiter.engine.descriptor.TestMethodTestDescriptor.lambda$prepare$0(TestMethodTestDescriptor.java:105) ~[junit-jupiter-engine-5.9.3.jar:5.9.3]
	at org.junit.platform.engine.support.hierarchical.ThrowableCollector.execute(ThrowableCollector.java:73) ~[junit-platform-engine-1.9.3.jar:1.9.3]
	at org.junit.jupiter.engine.descriptor.TestMethodTestDescriptor.prepare(TestMethodTestDescriptor.java:104) ~[junit-jupiter-engine-5.9.3.jar:5.9.3]
	at org.junit.jupiter.engine.descriptor.TestMethodTestDescriptor.prepare(TestMethodTestDescriptor.java:68) ~[junit-jupiter-engine-5.9.3.jar:5.9.3]
	at org.junit.platform.engine.support.hierarchical.NodeTestTask.lambda$prepare$2(NodeTestTask.java:123) ~[junit-platform-engine-1.9.3.jar:1.9.3]
	at org.junit.platform.engine.support.hierarchical.ThrowableCollector.execute(ThrowableCollector.java:73) ~[junit-platform-engine-1.9.3.jar:1.9.3]
	at org.junit.platform.engine.support.hierarchical.NodeTestTask.prepare(NodeTestTask.java:123) ~[junit-platform-engine-1.9.3.jar:1.9.3]
	at org.junit.platform.engine.support.hierarchical.NodeTestTask.execute(NodeTestTask.java:90) ~[junit-platform-engine-1.9.3.jar:1.9.3]
	at java.base/java.util.ArrayList.forEach(ArrayList.java:1511) ~[na:na]
	at org.junit.platform.engine.support.hierarchical.SameThreadHierarchicalTestExecutorService.invokeAll(SameThreadHierarchicalTestExecutorService.java:41) ~[junit-platform-engine-1.9.3.jar:1.9.3]
	at org.junit.platform.engine.support.hierarchical.NodeTestTask.lambda$executeRecursively$6(NodeTestTask.java:155) ~[junit-platform-engine-1.9.3.jar:1.9.3]
	at org.junit.platform.engine.support.hierarchical.ThrowableCollector.execute(ThrowableCollector.java:73) ~[junit-platform-engine-1.9.3.jar:1.9.3]
	at org.junit.platform.engine.support.hierarchical.NodeTestTask.lambda$executeRecursively$8(NodeTestTask.java:141) ~[junit-platform-engine-1.9.3.jar:1.9.3]
	at org.junit.platform.engine.support.hierarchical.Node.around(Node.java:137) ~[junit-platform-engine-1.9.3.jar:1.9.3]
	at org.junit.platform.engine.support.hierarchical.NodeTestTask.lambda$executeRecursively$9(NodeTestTask.java:139) ~[junit-platform-engine-1.9.3.jar:1.9.3]
	at org.junit.platform.engine.support.hierarchical.ThrowableCollector.execute(ThrowableCollector.java:73) ~[junit-platform-engine-1.9.3.jar:1.9.3]
	at org.junit.platform.engine.support.hierarchical.NodeTestTask.executeRecursively(NodeTestTask.java:138) ~[junit-platform-engine-1.9.3.jar:1.9.3]
	at org.junit.platform.engine.support.hierarchical.NodeTestTask.execute(NodeTestTask.java:95) ~[junit-platform-engine-1.9.3.jar:1.9.3]
	at java.base/java.util.ArrayList.forEach(ArrayList.java:1511) ~[na:na]
	at org.junit.platform.engine.support.hierarchical.SameThreadHierarchicalTestExecutorService.invokeAll(SameThreadHierarchicalTestExecutorService.java:41) ~[junit-platform-engine-1.9.3.jar:1.9.3]
	at org.junit.platform.engine.support.hierarchical.NodeTestTask.lambda$executeRecursively$6(NodeTestTask.java:155) ~[junit-platform-engine-1.9.3.jar:1.9.3]
	at org.junit.platform.engine.support.hierarchical.ThrowableCollector.execute(ThrowableCollector.java:73) ~[junit-platform-engine-1.9.3.jar:1.9.3]
	at org.junit.platform.engine.support.hierarchical.NodeTestTask.lambda$executeRecursively$8(NodeTestTask.java:141) ~[junit-platform-engine-1.9.3.jar:1.9.3]
	at org.junit.platform.engine.support.hierarchical.Node.around(Node.java:137) ~[junit-platform-engine-1.9.3.jar:1.9.3]
	at org.junit.platform.engine.support.hierarchical.NodeTestTask.lambda$executeRecursively$9(NodeTestTask.java:139) ~[junit-platform-engine-1.9.3.jar:1.9.3]
	at org.junit.platform.engine.support.hierarchical.ThrowableCollector.execute(ThrowableCollector.java:73) ~[junit-platform-engine-1.9.3.jar:1.9.3]
	at org.junit.platform.engine.support.hierarchical.NodeTestTask.executeRecursively(NodeTestTask.java:138) ~[junit-platform-engine-1.9.3.jar:1.9.3]
	at org.junit.platform.engine.support.hierarchical.NodeTestTask.execute(NodeTestTask.java:95) ~[junit-platform-engine-1.9.3.jar:1.9.3]
	at org.junit.platform.engine.support.hierarchical.SameThreadHierarchicalTestExecutorService.submit(SameThreadHierarchicalTestExecutorService.java:35) ~[junit-platform-engine-1.9.3.jar:1.9.3]
	at org.junit.platform.engine.support.hierarchical.HierarchicalTestExecutor.execute(HierarchicalTestExecutor.java:57) ~[junit-platform-engine-1.9.3.jar:1.9.3]
	at org.junit.platform.engine.support.hierarchical.HierarchicalTestEngine.execute(HierarchicalTestEngine.java:54) ~[junit-platform-engine-1.9.3.jar:1.9.3]
	at org.junit.platform.launcher.core.EngineExecutionOrchestrator.execute(EngineExecutionOrchestrator.java:147) ~[junit-platform-launcher-1.9.3.jar:1.9.3]
	at org.junit.platform.launcher.core.EngineExecutionOrchestrator.execute(EngineExecutionOrchestrator.java:127) ~[junit-platform-launcher-1.9.3.jar:1.9.3]
	at org.junit.platform.launcher.core.EngineExecutionOrchestrator.execute(EngineExecutionOrchestrator.java:90) ~[junit-platform-launcher-1.9.3.jar:1.9.3]
	at org.junit.platform.launcher.core.EngineExecutionOrchestrator.lambda$execute$0(EngineExecutionOrchestrator.java:55) ~[junit-platform-launcher-1.9.3.jar:1.9.3]
	at org.junit.platform.launcher.core.EngineExecutionOrchestrator.withInterceptedStreams(EngineExecutionOrchestrator.java:102) ~[junit-platform-launcher-1.9.3.jar:1.9.3]
	at org.junit.platform.launcher.core.EngineExecutionOrchestrator.execute(EngineExecutionOrchestrator.java:54) ~[junit-platform-launcher-1.9.3.jar:1.9.3]
	at org.junit.platform.launcher.core.DefaultLauncher.execute(DefaultLauncher.java:114) ~[junit-platform-launcher-1.9.3.jar:1.9.3]
	at org.junit.platform.launcher.core.DefaultLauncher.execute(DefaultLauncher.java:86) ~[junit-platform-launcher-1.9.3.jar:1.9.3]
	at org.junit.platform.launcher.core.DefaultLauncherSession$DelegatingLauncher.execute(DefaultLauncherSession.java:86) ~[junit-platform-launcher-1.9.3.jar:1.9.3]
	at org.junit.platform.launcher.core.SessionPerRequestLauncher.execute(SessionPerRequestLauncher.java:53) ~[junit-platform-launcher-1.9.3.jar:1.9.3]
	at com.intellij.junit5.JUnit5IdeaTestRunner.startRunnerWithArgs(JUnit5IdeaTestRunner.java:57) ~[junit5-rt.jar:na]
	at com.intellij.rt.junit.IdeaTestRunner$Repeater$1.execute(IdeaTestRunner.java:38) ~[junit-rt.jar:na]
	at com.intellij.rt.execution.junit.TestsRepeater.repeat(TestsRepeater.java:11) ~[idea_rt.jar:na]
	at com.intellij.rt.junit.IdeaTestRunner$Repeater.startRunnerWithArgs(IdeaTestRunner.java:35) ~[junit-rt.jar:na]
	at com.intellij.rt.junit.JUnitStarter.prepareStreamsAndStart(JUnitStarter.java:232) ~[junit-rt.jar:na]
	at com.intellij.rt.junit.JUnitStarter.main(JUnitStarter.java:55) ~[junit-rt.jar:na]
Caused by: org.mockito.exceptions.base.MockitoException: Please ensure that the type 'TransferMoneyService' has a no-arg constructor.
	... 71 common frames omitted
Caused by: java.lang.NoSuchMethodException: ru.diplomatransfermoney.service.TransferMoneyService.<init>()
	at java.base/java.lang.Class.getConstructor0(Class.java:3585) ~[na:na]
	at java.base/java.lang.Class.getDeclaredConstructor(Class.java:2754) ~[na:na]
	at org.mockito.internal.configuration.SpyAnnotationEngine.noArgConstructorOf(SpyAnnotationEngine.java:143) ~[mockito-core-5.3.1.jar:na]
	at org.mockito.internal.configuration.SpyAnnotationEngine.spyNewInstance(SpyAnnotationEngine.java:131) ~[mockito-core-5.3.1.jar:na]
	at org.mockito.internal.configuration.SpyAnnotationEngine.process(SpyAnnotationEngine.java:70) ~[mockito-core-5.3.1.jar:na]
	at org.mockito.internal.configuration.InjectingAnnotationEngine.processIndependentAnnotations(InjectingAnnotationEngine.java:75) ~[mockito-core-5.3.1.jar:na]
	at org.mockito.internal.configuration.InjectingAnnotationEngine.process(InjectingAnnotationEngine.java:47) ~[mockito-core-5.3.1.jar:na]
	at org.mockito.MockitoAnnotations.openMocks(MockitoAnnotations.java:81) ~[mockito-core-5.3.1.jar:na]
	... 71 common frames omitted

2023-10-13T13:38:02.874+03:00  INFO 20960 --- [main] r.d.service.TransferMoneyServiceTest     : Starting TransferMoneyServiceTest using Java 17.0.8 with PID 20960 (started by nea26 in C:\Users\nea26\IdeaProjects\diplomaTransferMoney)
2023-10-13T13:38:02.881+03:00  INFO 20960 --- [main] r.d.service.TransferMoneyServiceTest     : No active profile set, falling back to 1 default profile: "default"
2023-10-13T13:38:06.419+03:00  INFO 20960 --- [main] r.d.service.TransferMoneyServiceTest     : Started TransferMoneyServiceTest in 4.505 seconds (process running for 7.218)
2023-10-13T13:38:09.000+03:00 ERROR 20960 --- [main] r.d.service.TransferMoneyService         : incorrect card data entered: valid till
2023-10-13T13:38:53.189+03:00  INFO 23972 --- [main] r.d.service.TransferMoneyServiceTest     : Starting TransferMoneyServiceTest using Java 17.0.8 with PID 23972 (started by nea26 in C:\Users\nea26\IdeaProjects\diplomaTransferMoney)
2023-10-13T13:38:53.192+03:00  INFO 23972 --- [main] r.d.service.TransferMoneyServiceTest     : No active profile set, falling back to 1 default profile: "default"
2023-10-13T13:38:56.760+03:00  INFO 23972 --- [main] r.d.service.TransferMoneyServiceTest     : Started TransferMoneyServiceTest in 4.41 seconds (process running for 7.754)
2023-10-13T13:38:59.672+03:00 ERROR 23972 --- [main] r.d.service.TransferMoneyService         : incorrect card data entered: valid till
2023-10-13T13:45:25.571+03:00  INFO 9244 --- [main] r.d.service.TransferMoneyServiceTest     : Starting TransferMoneyServiceTest using Java 17.0.8 with PID 9244 (started by nea26 in C:\Users\nea26\IdeaProjects\diplomaTransferMoney)
2023-10-13T13:45:25.575+03:00  INFO 9244 --- [main] r.d.service.TransferMoneyServiceTest     : No active profile set, falling back to 1 default profile: "default"
2023-10-13T13:45:29.785+03:00  INFO 9244 --- [main] r.d.service.TransferMoneyServiceTest     : Started TransferMoneyServiceTest in 5.235 seconds (process running for 7.817)
2023-10-13T13:45:33.001+03:00 ERROR 9244 --- [main] r.d.service.TransferMoneyService         : incorrect card data entered: valid till
2023-10-13T13:47:52.254+03:00  INFO 22732 --- [main] r.d.service.TransferMoneyServiceTest     : Starting TransferMoneyServiceTest using Java 17.0.8 with PID 22732 (started by nea26 in C:\Users\nea26\IdeaProjects\diplomaTransferMoney)
2023-10-13T13:47:52.257+03:00  INFO 22732 --- [main] r.d.service.TransferMoneyServiceTest     : No active profile set, falling back to 1 default profile: "default"
2023-10-13T13:47:55.506+03:00  INFO 22732 --- [main] r.d.service.TransferMoneyServiceTest     : Started TransferMoneyServiceTest in 4.118 seconds (process running for 7.001)
2023-10-13T13:47:58.339+03:00 ERROR 22732 --- [main] r.d.service.TransferMoneyService         : incorrect card data entered: valid till
2023-10-13T13:49:01.861+03:00  INFO 16484 --- [main] r.d.service.TransferMoneyServiceTest     : Starting TransferMoneyServiceTest using Java 17.0.8 with PID 16484 (started by nea26 in C:\Users\nea26\IdeaProjects\diplomaTransferMoney)
2023-10-13T13:49:01.865+03:00  INFO 16484 --- [main] r.d.service.TransferMoneyServiceTest     : No active profile set, falling back to 1 default profile: "default"
2023-10-13T13:49:05.047+03:00  INFO 16484 --- [main] r.d.service.TransferMoneyServiceTest     : Started TransferMoneyServiceTest in 4.003 seconds (process running for 6.37)
2023-10-13T13:50:12.518+03:00  INFO 3136 --- [main] r.d.service.TransferMoneyServiceTest     : Starting TransferMoneyServiceTest using Java 17.0.8 with PID 3136 (started by nea26 in C:\Users\nea26\IdeaProjects\diplomaTransferMoney)
2023-10-13T13:50:12.521+03:00  INFO 3136 --- [main] r.d.service.TransferMoneyServiceTest     : No active profile set, falling back to 1 default profile: "default"
2023-10-13T13:50:15.960+03:00  INFO 3136 --- [main] r.d.service.TransferMoneyServiceTest     : Started TransferMoneyServiceTest in 4.38 seconds (process running for 6.777)
2023-10-13T13:50:18.270+03:00 ERROR 3136 --- [main] r.d.service.TransferMoneyService         : incorrect card data entered: valid till
2023-10-13T13:52:38.083+03:00  INFO 23752 --- [main] r.d.service.TransferMoneyServiceTest     : Starting TransferMoneyServiceTest using Java 17.0.8 with PID 23752 (started by nea26 in C:\Users\nea26\IdeaProjects\diplomaTransferMoney)
2023-10-13T13:52:38.087+03:00  INFO 23752 --- [main] r.d.service.TransferMoneyServiceTest     : No active profile set, falling back to 1 default profile: "default"
2023-10-13T13:52:41.991+03:00  INFO 23752 --- [main] r.d.service.TransferMoneyServiceTest     : Started TransferMoneyServiceTest in 4.735 seconds (process running for 7.596)
2023-10-13T13:55:42.388+03:00  INFO 9168 --- [main] r.d.service.TransferMoneyServiceTest     : Starting TransferMoneyServiceTest using Java 17.0.8 with PID 9168 (started by nea26 in C:\Users\nea26\IdeaProjects\diplomaTransferMoney)
2023-10-13T13:55:42.391+03:00  INFO 9168 --- [main] r.d.service.TransferMoneyServiceTest     : No active profile set, falling back to 1 default profile: "default"
2023-10-13T13:55:46.164+03:00  INFO 9168 --- [main] r.d.service.TransferMoneyServiceTest     : Started TransferMoneyServiceTest in 4.661 seconds (process running for 7.423)
2023-10-13T13:55:49.218+03:00 ERROR 9168 --- [main] r.d.service.TransferMoneyService         : incorrect card data entered: valid till
